F:\教学课程\2019-11-12晚班\20-2-11\2-8\2-8\DEBUG\源.OBJ
F:\教学课程\2019-11-12晚班\20-2-11\2-8\2-8\DEBUG\贪吃蛇.OBJ
F:\教学课程\2019-11-12晚班\20-2-11\2-8\2-8\DEBUG\VC110.PDB
F:\教学课程\2019-11-12晚班\20-2-11\2-8\DEBUG\2-8.ILK
F:\教学课程\2019-11-12晚班\20-2-11\2-8\DEBUG\2-8.EXE
F:\教学课程\2019-11-12晚班\20-2-11\2-8\DEBUG\2-8.PDB
F:\教学课程\2019-11-12晚班\20-2-11\2-8\2-8\DEBUG\2-8.RES
F:\教学课程\2019-11-12晚班\20-2-11\2-8\2-8\Debug\源.obj
F:\教学课程\2019-11-12晚班\20-2-11\2-8\2-8\Debug\贪吃蛇.obj
F:\教学课程\2019-11-12晚班\20-2-11\2-8\2-8\Debug\cl.command.1.tlog
F:\教学课程\2019-11-12晚班\20-2-11\2-8\2-8\Debug\CL.read.1.tlog
F:\教学课程\2019-11-12晚班\20-2-11\2-8\2-8\Debug\CL.write.1.tlog
F:\教学课程\2019-11-12晚班\20-2-11\2-8\2-8\Debug\link-cvtres.read.1.tlog
F:\教学课程\2019-11-12晚班\20-2-11\2-8\2-8\Debug\link-cvtres.write.1.tlog
F:\教学课程\2019-11-12晚班\20-2-11\2-8\2-8\Debug\link-rc.read.1.tlog
F:\教学课程\2019-11-12晚班\20-2-11\2-8\2-8\Debug\link-rc.write.1.tlog
F:\教学课程\2019-11-12晚班\20-2-11\2-8\2-8\Debug\link.2748-cvtres.read.1.tlog
F:\教学课程\2019-11-12晚班\20-2-11\2-8\2-8\Debug\link.2748-cvtres.write.1.tlog
F:\教学课程\2019-11-12晚班\20-2-11\2-8\2-8\Debug\link.2748-rc.read.1.tlog
F:\教学课程\2019-11-12晚班\20-2-11\2-8\2-8\Debug\link.2748-rc.write.1.tlog
F:\教学课程\2019-11-12晚班\20-2-11\2-8\2-8\Debug\link.2748.read.1.tlog
F:\教学课程\2019-11-12晚班\20-2-11\2-8\2-8\Debug\link.2748.write.1.tlog
F:\教学课程\2019-11-12晚班\20-2-11\2-8\2-8\Debug\link.command.1.tlog
F:\教学课程\2019-11-12晚班\20-2-11\2-8\2-8\Debug\link.read.1.tlog
F:\教学课程\2019-11-12晚班\20-2-11\2-8\2-8\Debug\link.write.1.tlog
F:\教学课程\2019-11-12晚班\20-2-11\2-8\2-8\Debug\rc.command.1.tlog
F:\教学课程\2019-11-12晚班\20-2-11\2-8\2-8\Debug\rc.read.1.tlog
F:\教学课程\2019-11-12晚班\20-2-11\2-8\2-8\Debug\rc.write.1.tlog
F:\教学课程\2019-11-12晚班\20-2-11\2-8\2-8\Debug\2-8.res
F:\教学课程\2019-11-12晚班\20-2-11\2-8\2-8\Debug\vc110.idb
F:\教学课程\2019-11-12晚班\20-2-11\2-8\2-8\Debug\vc110.pdb
F:\教学课程\2019-11-12晚班\20-2-11\2-8\Debug\2-8.pdb
F:\教学课程\2019-11-12晚班\20-2-11\2-8\Debug\2-8.exe
F:\教学课程\2019-11-12晚班\20-2-11\2-8\Debug\2-8.ilk
